
Starting:    C:\Microsemi\Libero_SoC_v11.9\SynplifyPro\bin64\mbin\synbatch.exe
Install:     C:\Microsemi\Libero_SoC_v11.9\SynplifyPro
Hostname:    MONICA-PC
Date:        Tue Dec 28 14:49:00 2021
Version:     L-2016.09M-SP1-5

Arguments:   -product synplify_pro -licensetype synplifypro_actel -batch -log synplify.log zjh_CE2_syn.tcl
ProductType: synplify_pro

License checkout: synplifypro_actel
License: synplifypro_actel node-locked 
Licensed Vendor: actel
License Option: actel_oem

Running in Vendor Mode


log file: "C:\D3120005043_zjh\synthesis\zjh_CE2.srr"

Running: synthesis in foreground



Running zjh_CE2_syn|synthesis


Running: compile (Compile) on zjh_CE2_syn|synthesis
# Tue Dec 28 14:49:00 2021


Running: compile_flow (Compile Process) on zjh_CE2_syn|synthesis
# Tue Dec 28 14:49:00 2021


Running: compiler (Compile Input) on zjh_CE2_syn|synthesis
# Tue Dec 28 14:49:00 2021

Copied C:\D3120005043_zjh\synthesis\synwork\zjh_CE2_comp.srs to C:\D3120005043_zjh\synthesis\zjh_CE2.srs


compiler completed
# Tue Dec 28 14:49:02 2021

Return Code: 0
Run Time:00h:00m:02s


Running: multi_srs_gen (Multi-srs Generator) on zjh_CE2_syn|synthesis
# Tue Dec 28 14:49:02 2021


multi_srs_gen completed
# Tue Dec 28 14:49:02 2021

Return Code: 0
Run Time:00h:00m:00s

Copied C:\D3120005043_zjh\synthesis\synwork\zjh_CE2_mult.srs to C:\D3120005043_zjh\synthesis\zjh_CE2.srs

Complete: Compile Process on zjh_CE2_syn|synthesis


Running: premap (Pre-mapping) on zjh_CE2_syn|synthesis
# Tue Dec 28 14:49:02 2021


premap completed with warnings
# Tue Dec 28 14:49:03 2021

Return Code: 1
Run Time:00h:00m:01s

Complete: Compile on zjh_CE2_syn|synthesis


Running: map (Map) on zjh_CE2_syn|synthesis
# Tue Dec 28 14:49:03 2021

License granted for 4 parallel jobs


Running: fpga_mapper (Map & Optimize) on zjh_CE2_syn|synthesis
# Tue Dec 28 14:49:03 2021

Copied C:\D3120005043_zjh\synthesis\synwork\zjh_CE2_m.srm to C:\D3120005043_zjh\synthesis\zjh_CE2.srm


fpga_mapper completed with warnings
# Tue Dec 28 14:49:03 2021

Return Code: 1
Run Time:00h:00m:00s

Complete: Map on zjh_CE2_syn|synthesis

Complete: Logic Synthesis on zjh_CE2_syn|synthesis

TCL script complete: "zjh_CE2_syn.tcl"

exit status=0

exit status=0

License checkin: synplifypro_actel

