Microsemi Libero Software
Version: 11.9.0.4
Release: v11.9

Info: The design zjh_74HC112.adb was last modified by software version 11.9.0.4.
Opened an existing Libero design zjh_74HC112.adb.
'BA_NAME' set to 'zjh_74HC112_ba'
'IDE_DESIGNERVIEW_NAME' set to 'Impl1'
'IDE_DESIGNERVIEW_COUNT' set to '1'
'IDE_DESIGNERVIEW_REV0' set to 'Impl1'
'IDE_DESIGNERVIEW_REVNUM0' set to '1'
'IDE_DESIGNERVIEW_ROOTDIR' set to 'C:\D3120005043_zjh\designer'
'IDE_DESIGNERVIEW_LASTREV' set to '1'

 Netlist Reading Time = 0.0 seconds
Imported the file:
   C:\D3120005043_zjh\synthesis\zjh_74HC112.edn

The Import command succeeded ( 00:00:01 )
=====================================================================
Parameters used to run compile:
===============================

Family      : ProASIC3
Device      : A3P060
Package     : 100 VQFP
Source      : C:\D3120005043_zjh\synthesis\zjh_74HC112.edn
Format      : EDIF
Topcell     : zjh_74HC112
Speed grade : STD
Temp        : 0:25:70
Voltage     : 1.58:1.50:1.42

Keep Existing Physical Constraints : No
Keep Existing Timing Constraints   : Yes

pdc_abort_on_error                 : Yes
pdc_eco_display_unmatched_objects  : No
pdc_eco_max_warnings               : 10000

demote_globals                     : No
promote_globals                    : No
localclock_max_shared_instances    : 12
localclock_buffer_tree_max_fanout  : 12

combine_register                   : No
delete_buffer_tree                 : No

report_high_fanout_nets_limit      : 10

=====================================================================
Compile starts ...


Netlist Optimization Report
===========================

Optimized macros:
  - Dangling net drivers:   0
  - Buffers:                0
  - Inverters:              0
  - Tieoff:                 0
  - Logic combining:        0

    Total macros optimized  0

There were 0 error(s) and 0 warning(s) in this design.
=====================================================================

Reading previous post-compile physical placement constraints.


There were 0 error(s) and 0 warning(s).

=====================================================================
Compile report:
===============

    CORE                       Used:      8  Total:   1536   (0.52%)
    IO (W/ clocks)             Used:      7  Total:     71   (9.86%)
    GLOBAL (Chip+Quadrant)     Used:      0  Total:     18   (0.00%)
    PLL                        Used:      0  Total:      1   (0.00%)
    RAM/FIFO                   Used:      0  Total:      4   (0.00%)
    Low Static ICC             Used:      0  Total:      1   (0.00%)
    FlashROM                   Used:      0  Total:      1   (0.00%)
    User JTAG                  Used:      0  Total:      1   (0.00%)

Global Information:

    Type            | Used   | Total
    ----------------|--------|--------------
    Chip global     | 0      | 6  (0.00%)*
    Quadrant global | 0      | 12 (0.00%)

    (*) Chip globals may be assigned to Quadrant globals using the Multi-View Navigator (MVN)
        or Physical Design Constraints (PDC).
        They may also be assigned to Quadrant globals automatically during Layout.

Core Information:

    Type    | Instances    | Core tiles
    --------|--------------|-----------
    COMB    | 4            | 4
    SEQ     | 1            | 4

I/O Function:

    Type                                  | w/o register  | w/ register  | w/ DDR register
    --------------------------------------|---------------|--------------|----------------
    Input I/O                             | 5             | 0            | 0
    Output I/O                            | 2             | 0            | 0
    Bidirectional I/O                     | 0             | 0            | 0
    Differential Input I/O Pairs          | 0             | 0            | 0
    Differential Output I/O Pairs         | 0             | 0            | 0

I/O Technology:

                                    |   Voltages    |             I/Os
    --------------------------------|-------|-------|-------|--------|--------------
    I/O Standard(s)                 | Vcci  | Vref  | Input | Output | Bidirectional
    --------------------------------|-------|-------|-------|--------|--------------
    LVTTL                           | 3.30v | N/A   | 5     | 2      | 0

I/O Placement:

    Locked  :   0
    Placed  :   7 ( 100.00% )
    UnPlaced:   0

Net information report:
=======================

High fanout nets in the post compile netlist:
    Fanout  Type          Name
    --------------------------
    4       INT_NET       Net   : Q_c
                          Driver: Q
    2       INT_NET       Net   : Q_RNO
                          Driver: Q_RNO
    2       INT_NET       Net   : Set_N_c
                          Driver: Set_N_pad
    2       INT_NET       Net   : Clk_N_c
                          Driver: Clk_N_pad
    2       INT_NET       Net   : Set_N_c_i
                          Driver: Q_RNO_0
    2       INT_NET       Net   : Q/MQ
                          Driver: Q
    1       INT_NET       Net   : N_21_mux
                          Driver: Q_0
    1       INT_NET       Net   : Rst_N_c
                          Driver: Rst_N_pad
    1       INT_NET       Net   : J_c
                          Driver: J_pad
    1       INT_NET       Net   : K_c
                          Driver: K_pad

Nets that are candidates for clock assignment and the resulting fanout:
    Fanout  Type          Name
    --------------------------
    4       INT_NET       Net   : Q_c
                          Driver: Q
    3       INT_NET       Net   : Set_N_c
                          Driver: Set_N_pad
    2       INT_NET       Net   : Q_RNO
                          Driver: Q_RNO
    2       INT_NET       Net   : Clk_N_c
                          Driver: Clk_N_pad
    2       INT_NET       Net   : Q/MQ
                          Driver: Q
    1       INT_NET       Net   : N_21_mux
                          Driver: Q_0
    1       INT_NET       Net   : Rst_N_c
                          Driver: Rst_N_pad
    1       INT_NET       Net   : J_c
                          Driver: J_pad
    1       INT_NET       Net   : K_c
                          Driver: K_pad
    1       INT_NET       Net   : Q/MY
                          Driver: Q

The Compile command succeeded ( 00:00:00 )
Wrote status report to file: zjh_74HC112_compile_report.txt

The Report command succeeded ( 00:00:00 )
Wrote pin report to file: zjh_74HC112_report_pin_byname.txt

The Report command succeeded ( 00:00:01 )
Wrote pin report to file: zjh_74HC112_report_pin_bynumber.txt

The Report command succeeded ( 00:00:01 )
Design saved to file C:\D3120005043_zjh\designer\impl1\zjh_74HC112.adb.

The Execute Script command succeeded ( 00:00:04 )
Design closed.

