Microsemi Libero Software
Version: 11.9.0.4
Release: v11.9

Info: The design C:\D3120005043_zjh\designer\impl1\zjh_cp.adb was last modified by software
      version 11.9.0.4.
Opened an existing Libero design C:\D3120005043_zjh\designer\impl1\zjh_cp.adb.
'BA_NAME' set to 'zjh_cp_ba'
'KEEP_EXISTING_PHYSICAL_CONSTRAINTS' set to '0'
'SDC_IMPORT_MERGE' set to '0'
'IDE_DESIGNERVIEW_NAME' set to 'Impl1'
'IDE_DESIGNERVIEW_COUNT' set to '1'
'IDE_DESIGNERVIEW_REV0' set to 'Impl1'
'IDE_DESIGNERVIEW_REVNUM0' set to '1'
'IDE_DESIGNERVIEW_ROOTDIR' set to 'C:\D3120005043_zjh\designer'
'IDE_DESIGNERVIEW_LASTREV' set to '1'

The Execute Script command succeeded ( 00:00:00 )
Design saved to file C:\D3120005043_zjh\designer\impl1\zjh_cp.adb.
Wrote pin report to file: C:\D3120005043_zjh\designer\impl1\zjh_cp_report_pin_byname.txt

The Report command succeeded ( 00:00:00 )
Wrote pin report to file: C:\D3120005043_zjh\designer\impl1\zjh_cp_report_pin_bynumber.txt

The Report command succeeded ( 00:00:01 )

The Execute Script command succeeded ( 00:00:01 )
Design closed.

