FlashPro
Version: 11.9.0.4
Release: v11.9

Software Version: 11.9.0.4
programmer 'S2001M0BYD' : FlashPro5
Opened 'C:\D3120005043_zjh\designer\impl1\zjh_74HC194_fp\zjh_74HC194.pro'
PDB file 'C:\D3120005043_zjh\designer\impl1\zjh_74HC194.pdb' has been loaded successfully.
DESIGN : zjh_74HC194;  CHECKSUM : 238F;  PDB_VERSION : 1.9
programmer 'S2001M0BYD' : Scan Chain...
Warning: programmer 'S2001M0BYD' : Vpump has been selected on programmer AND an externally
         provided Vpump has also been detected. Using externally provided Vpump voltage source.
programmer 'S2001M0BYD' : Scan Chain PASSED.
programmer 'S2001M0BYD' : Executing action PROGRAM
programmer 'S2001M0BYD' : EXPORT FSN[48] = 017c7138ccd8
programmer 'S2001M0BYD' : Erase ...
programmer 'S2001M0BYD' : Completed erase
programmer 'S2001M0BYD' : EXPORT CHECKSUM[16] = 238f
programmer 'S2001M0BYD' : Programming FPGA Array
programmer 'S2001M0BYD' : Verifying FPGA Array
programmer 'S2001M0BYD' :         Verifying FPGA Array -- pass
programmer 'S2001M0BYD' : Finished: Tue Dec 21 17:08:36 2021 (Elapsed time 00:04:27)
programmer 'S2001M0BYD' : Executing action PROGRAM PASSED.

                        o - o - o - o - o - o

Warning: Project 'zjh_74HC194' has been modified. Do you want to save it? [YES]
creating folder: C:\D3120005043_zjh\designer\impl1\zjh_74HC194_fp\projectData
Project saved.
Project closed.
