Target Part: A3P060_VQFP100_STD
Report for cell zjh_CE2.verilog
  Core Cell usage:
              cell count     area count*area
              AOI1     1      1.0        1.0
              AX1C     3      1.0        3.0
             AXOI7     1      1.0        1.0
               GND     4      0.0        0.0
               MX2     3      1.0        3.0
              MX2A     1      1.0        1.0
              MX2B     1      1.0        1.0
              NOR2     1      1.0        1.0
             NOR2A     4      1.0        4.0
             NOR2B     3      1.0        3.0
              NOR3     3      1.0        3.0
             NOR3B     3      1.0        3.0
             NOR3C     1      1.0        1.0
              OA1B     1      1.0        1.0
              OA1C     2      1.0        2.0
               OR2     1      1.0        1.0
               OR3     2      1.0        2.0
              OR3A     1      1.0        1.0
               VCC     4      0.0        0.0
              XA1B     1      1.0        1.0
               XO1     1      1.0        1.0
              XOR2     3      1.0        3.0


            DFN1C0     4      1.0        4.0
                   -----          ----------
             TOTAL    49                41.0


  IO Cell usage:
              cell count
            CLKBUF     1
             INBUF     9
            OUTBUF     7
                   -----
             TOTAL    17


Core Cells         : 41 of 1536 (3%)
IO Cells           : 17

  RAM/ROM Usage Summary
Block Rams : 0 of 4 (0%)

