Target Part: A3P060_VQFP100_STD
Report for cell zjh_CE0.verilog
  Core Cell usage:
              cell count     area count*area
              AND3     1      1.0        1.0
               GND     2      0.0        0.0
              NOR2     1      1.0        1.0
             NOR2B     2      1.0        2.0
               VCC     2      0.0        0.0
              XA1B     3      1.0        3.0


            DFN1C0     4      1.0        4.0
                   -----          ----------
             TOTAL    15                11.0


  IO Cell usage:
              cell count
            CLKBUF     1
             INBUF     1
            OUTBUF     5
                   -----
             TOTAL     7


Core Cells         : 11 of 1536 (1%)
IO Cells           : 7

  RAM/ROM Usage Summary
Block Rams : 0 of 4 (0%)

