 ** Message System Log
 ** Database: 
 ** Date:   Tue Jan 04 11:13:37 2022


****************
Macro Parameters
****************

Name                            : CP1
Family                          : PA3LC
Output Format                   : VERILOG
Type                            : Magnitude Comparator
Ageb                            : None
Agb                             : None
Aleb                            : None
Alb                             : Active High
Aeb                             : None
Aneb                            : None
Width                           : 8
Representation                  : Signed
Insert Regs                     : No
Insert Pads                     : No
Clock Edge                      : Rise

**************
Compile Report
**************


Netlist Resource Report
=======================

    CORE                       Used:     23  Total:   1536   (1.50%)
    IO (W/ clocks)             Used:      0  Total:     71   (0.00%)
    GLOBAL (Chip+Quadrant)     Used:      0  Total:     18   (0.00%)
    PLL                        Used:      0  Total:      1   (0.00%)
    RAM/FIFO                   Used:      0  Total:      4   (0.00%)
    Low Static ICC             Used:      0  Total:      1   (0.00%)
    FlashROM                   Used:      0  Total:      1   (0.00%)
    User JTAG                  Used:      0  Total:      1   (0.00%)

Wrote Verilog netlist to C:/D3120005043_zjh/smartgen\CP1\CP1.v.

 ** Log Ended:   Tue Jan 04 11:13:39 2022

