 ** Message System Log
 ** Database: 
 ** Date:   Tue Jan 04 06:59:49 2022


****************
Macro Parameters
****************

Name                            : CP3_0
Family                          : PA3LC
Output Format                   : VERILOG
Type                            : Magnitude Comparator
Ageb                            : None
Agb                             : None
Aleb                            : None
Alb                             : Active High
Aeb                             : None
Aneb                            : None
Width                           : 4
Representation                  : Unsigned
Insert Regs                     : No
Insert Pads                     : No
Clock Edge                      : Rise

**************
Compile Report
**************


Netlist Resource Report
=======================

    CORE                       Used:      9  Total:   1536   (0.59%)
    IO (W/ clocks)             Used:      0  Total:     71   (0.00%)
    GLOBAL (Chip+Quadrant)     Used:      0  Total:     18   (0.00%)
    PLL                        Used:      0  Total:      1   (0.00%)
    RAM/FIFO                   Used:      0  Total:      4   (0.00%)
    Low Static ICC             Used:      0  Total:      1   (0.00%)
    FlashROM                   Used:      0  Total:      1   (0.00%)
    User JTAG                  Used:      0  Total:      1   (0.00%)

Wrote Verilog netlist to C:/D3120005043_zjh/smartgen\CP3_0\CP3_0.v.

 ** Log Ended:   Tue Jan 04 06:59:50 2022

