FlashPro
Version: 11.9.0.4
Release: v11.9

Software Version: 11.9.0.4
PDB file 'C:\D3120005043_zjh\designer\impl1\zjh_74HC148.pdb' has been loaded successfully.
DESIGN : zjh_74HC148;  CHECKSUM : 5C5F;  PDB_VERSION : 1.9
Warning: The programmer with id 'S2001M0BYD' in the project file cannot be detected and
         connected.
Opened 'C:\D3120005043_zjh\designer\impl1\zjh_74HC148_fp\zjh_74HC148.pro'
PDB file 'C:\D3120005043_zjh\designer\impl1\zjh_74HC148.pdb' has been loaded successfully.
DESIGN : zjh_74HC148;  CHECKSUM : 5C5F;  PDB_VERSION : 1.9
Rescanning for Programmers...
programmer 'S2001M0BYD' : FlashPro5
Rescanning for Programmers DONE.
programmer 'S2001M0BYD' : Scan Chain...
Warning: programmer 'S2001M0BYD' : Vpump has been selected on programmer AND an externally
         provided Vpump has also been detected. Using externally provided Vpump voltage source.
programmer 'S2001M0BYD' : Scan Chain PASSED.
programmer 'S2001M0BYD' : Executing action PROGRAM
programmer 'S2001M0BYD' : EXPORT FSN[48] = 8178a71840ec
programmer 'S2001M0BYD' : Erase ...
programmer 'S2001M0BYD' : Completed erase
programmer 'S2001M0BYD' : EXPORT CHECKSUM[16] = 5c5f
programmer 'S2001M0BYD' : Programming FPGA Array
programmer 'S2001M0BYD' : Verifying FPGA Array
programmer 'S2001M0BYD' :         Verifying FPGA Array -- pass
programmer 'S2001M0BYD' : Finished: Tue Dec 14 14:22:54 2021 (Elapsed time 00:02:47)
programmer 'S2001M0BYD' : Executing action PROGRAM PASSED.

                        o - o - o - o - o - o

Warning: Project 'zjh_74HC148' has been modified. Do you want to save it? [YES]
Project saved.
Project closed.
