Target Part: A3P060_VQFP100_STD
Report for cell xulie_1110.verilog
  Core Cell usage:
              cell count     area count*area
               GND     1      0.0        0.0
               INV     1      1.0        1.0
             NOR2A     4      1.0        4.0
             NOR3A     2      1.0        2.0
             NOR3B     3      1.0        3.0
               VCC     1      0.0        0.0


            DFN1C1     4      1.0        4.0
            DFN1P1     1      1.0        1.0
                   -----          ----------
             TOTAL    17                15.0


  IO Cell usage:
              cell count
            CLKBUF     1
             INBUF     2
            OUTBUF     1
                   -----
             TOTAL     4


Core Cells         : 15 of 1536 (1%)
IO Cells           : 4

  RAM/ROM Usage Summary
Block Rams : 0 of 4 (0%)

