FlashPro
Version: 11.9.0.4
Release: v11.9

Software Version: 11.9.0.4
PDB file 'C:\D3120005043_zjh\designer\impl1\zjh_CE2.pdb' has been loaded successfully.
DESIGN : zjh_CE2;  CHECKSUM : F765;  PDB_VERSION : 1.9
Warning: The programmer with id 'S2011JOG37' in the project file cannot be detected and
         connected.
Opened 'C:\D3120005043_zjh\designer\impl1\zjh_CE2_fp\zjh_CE2.pro'
Rescanning for Programmers...
programmer 'S2011JOG37' : FlashPro5
Rescanning for Programmers DONE.
programmer 'S2011JOG37' : Scan Chain...
Warning: programmer 'S2011JOG37' : Vpump has been selected on programmer AND an externally
         provided Vpump has also been detected. Using externally provided Vpump voltage source.
programmer 'S2011JOG37' : Scan Chain PASSED.
programmer 'S2011JOG37' : Executing action PROGRAM
programmer 'S2011JOG37' : EXPORT FSN[48] = 8178a71840ec
programmer 'S2011JOG37' : Erase ...
programmer 'S2011JOG37' : Completed erase
programmer 'S2011JOG37' : EXPORT CHECKSUM[16] = f765
programmer 'S2011JOG37' : Programming FPGA Array
programmer 'S2011JOG37' : Verifying FPGA Array
programmer 'S2011JOG37' :         Verifying FPGA Array -- pass
programmer 'S2011JOG37' : Finished: Tue Dec 28 15:29:25 2021 (Elapsed time 00:01:26)
programmer 'S2011JOG37' : Executing action PROGRAM PASSED.

                        o - o - o - o - o - o

Warning: Project 'zjh_CE2' has been modified. Do you want to save it? [YES]
Project saved.
Project closed.
